<<<<<<< HEAD
﻿Сборка начата 06.04.2018 16:23:25.
     1>Проект "D:\Program Files\YandexDisk\Documents\Coding\C++\LaforeCPlusPlus\CPlusPlusChapter6\ex1\ex1.vcxproj" в узле 2 (целевые объекты Build).
     1>InitializeBuildStatus:
         Обращение к "x64\Debug\ex1.tlog\unsuccessfulbuild".
       ClCompile:
         Для всех выходных данных обновления не требуется.
       Link:
         Для всех выходных данных обновления не требуется.
         ex1.vcxproj -> D:\Program Files\YandexDisk\Documents\Coding\C++\LaforeCPlusPlus\CPlusPlusChapter6\x64\Debug\ex1.exe
       FinalizeBuildStatus:
         Файл "x64\Debug\ex1.tlog\unsuccessfulbuild" удаляется.
         Обращение к "x64\Debug\ex1.tlog\ex1.lastbuildstate".
     1>Сборка проекта "D:\Program Files\YandexDisk\Documents\Coding\C++\LaforeCPlusPlus\CPlusPlusChapter6\ex1\ex1.vcxproj" завершена (целевые объекты Build).
=======
﻿Сборка начата 19.03.2018 07:13:58.
     1>Проект "D:\Documents\Coding\GithubRepository\LaforeCPlusPlus\CPlusPlusChapter6\ex1\ex1.vcxproj" в узле 2 (целевые объекты Build).
     1>PrepareForBuild:
         Создание каталога "D:\Documents\Coding\GithubRepository\LaforeCPlusPlus\CPlusPlusChapter6\x64\Debug\".
       InitializeBuildStatus:
         Создание "x64\Debug\ex1.tlog\unsuccessfulbuild", так как было задано "AlwaysCreate".
       ClCompile:
         C:\Program Files (x86)\Microsoft Visual Studio\2017\Community\VC\Tools\MSVC\14.12.25827\bin\HostX86\x64\CL.exe /c /ZI /nologo /W3 /WX- /diagnostics:classic /sdl /Od /D _DEBUG /D _CONSOLE /D _UNICODE /D UNICODE /Gm /EHsc /RTC1 /MDd /GS /fp:precise /permissive- /Zc:wchar_t /Zc:forScope /Zc:inline /Fo"x64\Debug\\" /Fd"x64\Debug\vc141.pdb" /Gd /TP /errorReport:prompt ex1.cpp
         ex1.cpp
       Link:
         C:\Program Files (x86)\Microsoft Visual Studio\2017\Community\VC\Tools\MSVC\14.12.25827\bin\HostX86\x64\link.exe /ERRORREPORT:PROMPT /OUT:"D:\Documents\Coding\GithubRepository\LaforeCPlusPlus\CPlusPlusChapter6\x64\Debug\ex1.exe" /INCREMENTAL /NOLOGO kernel32.lib user32.lib gdi32.lib winspool.lib comdlg32.lib advapi32.lib shell32.lib ole32.lib oleaut32.lib uuid.lib odbc32.lib odbccp32.lib /MANIFEST /MANIFESTUAC:"level='asInvoker' uiAccess='false'" /manifest:embed /DEBUG:FASTLINK /PDB:"D:\Documents\Coding\GithubRepository\LaforeCPlusPlus\CPlusPlusChapter6\x64\Debug\ex1.pdb" /SUBSYSTEM:CONSOLE /TLBID:1 /DYNAMICBASE /NXCOMPAT /IMPLIB:"D:\Documents\Coding\GithubRepository\LaforeCPlusPlus\CPlusPlusChapter6\x64\Debug\ex1.lib" /MACHINE:X64 x64\Debug\ex1.obj
         ex1.vcxproj -> D:\Documents\Coding\GithubRepository\LaforeCPlusPlus\CPlusPlusChapter6\x64\Debug\ex1.exe
       FinalizeBuildStatus:
         Файл "x64\Debug\ex1.tlog\unsuccessfulbuild" удаляется.
         Обращение к "x64\Debug\ex1.tlog\ex1.lastbuildstate".
     1>Сборка проекта "D:\Documents\Coding\GithubRepository\LaforeCPlusPlus\CPlusPlusChapter6\ex1\ex1.vcxproj" завершена (целевые объекты Build).
>>>>>>> 343e92644400dc9d0b9768982b3207f4af916d6d

Сборка успешно завершена.
    Предупреждений: 0
    Ошибок: 0

<<<<<<< HEAD
Прошло времени 00:00:00.39
=======
Прошло времени 00:00:02.23
>>>>>>> 343e92644400dc9d0b9768982b3207f4af916d6d
