Сборка начата 14.02.2018 11:17:56.
     1>Проект "D:\Documents\Coding\C++\Реализация упражнений из Р.Лафоре Объектно-ориентированное программирование в C++\CPlusPlusChapter4\ex11\ex11.vcxproj" в узле 2 (целевые объекты Build).
     1>InitializeBuildStatus:
         Обращение к "x64\Debug\ex11.tlog\unsuccessfulbuild".
       ClCompile:
         Для всех выходных данных обновления не требуется.
         C:\Program Files (x86)\Microsoft Visual Studio\2017\Community\VC\Tools\MSVC\14.12.25827\bin\HostX86\x64\CL.exe /c /ZI /nologo /W3 /WX- /diagnostics:classic /sdl /Od /D _DEBUG /D _CONSOLE /D _UNICODE /D UNICODE /Gm /EHsc /RTC1 /MDd /GS /fp:precise /permissive- /Zc:wchar_t /Zc:forScope /Zc:inline /Yu"stdafx.h" /Fp"x64\Debug\ex11.pch" /Fo"x64\Debug\\" /Fd"x64\Debug\vc141.pdb" /Gd /TP /errorReport:prompt ex11.cpp
         ex11.cpp
       Link:
         C:\Program Files (x86)\Microsoft Visual Studio\2017\Community\VC\Tools\MSVC\14.12.25827\bin\HostX86\x64\link.exe /ERRORREPORT:PROMPT /OUT:"D:\Documents\Coding\C++\Реализация упражнений из Р.Лафоре Объектно-ориентированное программирование в C++\CPlusPlusChapter4\x64\Debug\ex11.exe" /INCREMENTAL /NOLOGO kernel32.lib user32.lib gdi32.lib winspool.lib comdlg32.lib advapi32.lib shell32.lib ole32.lib oleaut32.lib uuid.lib odbc32.lib odbccp32.lib /MANIFEST /MANIFESTUAC:"level='asInvoker' uiAccess='false'" /manifest:embed /DEBUG:FASTLINK /PDB:"D:\Documents\Coding\C++\Реализация упражнений из Р.Лафоре Объектно-ориентированное программирование в C++\CPlusPlusChapter4\x64\Debug\ex11.pdb" /SUBSYSTEM:CONSOLE /TLBID:1 /DYNAMICBASE /NXCOMPAT /IMPLIB:"D:\Documents\Coding\C++\Реализация упражнений из Р.Лафоре Объектно-ориентированное программирование в C++\CPlusPlusChapter4\x64\Debug\ex11.lib" /MACHINE:X64 x64\Debug\ex11.obj
         x64\Debug\stdafx.obj
         ex11.vcxproj -> D:\Documents\Coding\C++\Реализация упражнений из Р.Лафоре Объектно-ориентированное программирование в C++\CPlusPlusChapter4\x64\Debug\ex11.exe
       FinalizeBuildStatus:
         Файл "x64\Debug\ex11.tlog\unsuccessfulbuild" удаляется.
         Обращение к "x64\Debug\ex11.tlog\ex11.lastbuildstate".
     1>Сборка проекта "D:\Documents\Coding\C++\Реализация упражнений из Р.Лафоре Объектно-ориентированное программирование в C++\CPlusPlusChapter4\ex11\ex11.vcxproj" завершена (целевые объекты Build).

Сборка успешно завершена.
    Предупреждений: 0
    Ошибок: 0

Прошло времени 00:00:00.68
